<?xml version="1.0" encoding="UTF-8"?>
<!-- Generated by org.testng.reporters.JUnitReportReporter -->
<testsuite ignored="0" hostname="HQROTREJOSO" failures="0" tests="1" name="prueba.NewTestSel" time="5.461" errors="0" timestamp="27 ago. 2022 15:27:28 GMT" skipped="0">
  <testcase classname="prueba.NewTestSel" name="testsel" time="5.461"/>
</testsuite> <!-- prueba.NewTestSel -->
